2026-04-05 16:57:57,216 - SENTINEL-CORE - INFO - --- SENTINEL LOGGER INITIALIZED ---
2026-04-05 16:57:57,243 - SENTINEL-CORE - INFO - 🚀 SENTINEL SYSTEM ONLINE: Database and Security Engine Initialized.
2026-04-05 16:57:57,562 - SENTINEL-CORE - INFO - 📥 INBOUND: Device=smart-lock-01 | Data=4.270221220865205KB | Temp=22.5C
2026-04-05 16:58:00,565 - SENTINEL-CORE - INFO - 📥 INBOUND: Device=thermostat-04 | Data=0.9567679366603247KB | Temp=22.5C
2026-04-05 16:58:03,569 - SENTINEL-CORE - INFO - 📥 INBOUND: Device=security-cam-09 | Data=0.9597751188540715KB | Temp=22.5C
2026-04-05 16:58:03,571 - SENTINEL-CORE - INFO - 📥 INBOUND: Device=security-cam-09 | Data=15000.0KB | Temp=30.0C
2026-04-05 16:58:03,573 - SENTINEL-CORE - WARNING - 🚨 ALERT: CRITICAL Data Exfiltration detected on security-cam-09!
2026-04-05 16:58:06,579 - SENTINEL-CORE - INFO - 📥 INBOUND: Device=smart-lock-01 | Data=3.202636244006452KB | Temp=22.5C
2026-04-05 16:58:09,583 - SENTINEL-CORE - INFO - 📥 INBOUND: Device=thermostat-04 | Data=3.3396915654632124KB | Temp=22.5C
2026-04-05 16:58:12,586 - SENTINEL-CORE - INFO - 📥 INBOUND: Device=security-cam-09 | Data=0.8407235614439357KB | Temp=22.5C
2026-04-05 16:58:15,590 - SENTINEL-CORE - INFO - 📥 INBOUND: Device=smart-lock-01 | Data=4.4025743495746905KB | Temp=22.5C
2026-04-05 16:58:18,593 - SENTINEL-CORE - INFO - 📥 INBOUND: Device=thermostat-04 | Data=0.9859748323661779KB | Temp=22.5C
2026-04-05 16:58:21,597 - SENTINEL-CORE - INFO - 📥 INBOUND: Device=security-cam-09 | Data=1.3651907357290614KB | Temp=22.5C
2026-04-05 16:58:24,600 - SENTINEL-CORE - INFO - 📥 INBOUND: Device=smart-lock-01 | Data=3.188688909740004KB | Temp=22.5C
2026-04-05 16:58:27,603 - SENTINEL-CORE - INFO - 📥 INBOUND: Device=thermostat-04 | Data=4.099593722808036KB | Temp=22.5C
2026-04-05 16:58:27,605 - SENTINEL-CORE - INFO - 📥 INBOUND: Device=security-cam-09 | Data=15000.0KB | Temp=30.0C
2026-04-05 16:58:27,605 - SENTINEL-CORE - WARNING - 🚨 ALERT: CRITICAL Data Exfiltration detected on security-cam-09!
2026-04-05 16:58:30,614 - SENTINEL-CORE - INFO - 📥 INBOUND: Device=security-cam-09 | Data=1.339766367148714KB | Temp=22.5C
2026-04-05 16:58:30,617 - SENTINEL-CORE - INFO - 📥 INBOUND: Device=thermostat-04 | Data=1.2KB | Temp=999.0C
2026-04-05 16:58:30,617 - SENTINEL-CORE - WARNING - 🚨 ALERT: HIGH Hardware Tamper detected on thermostat-04!
2026-04-05 16:58:33,626 - SENTINEL-CORE - INFO - 📥 INBOUND: Device=smart-lock-01 | Data=1.659016339045453KB | Temp=22.5C
2026-04-05 16:58:33,656 - SENTINEL-CORE - INFO - 🖥️ DASHBOARD ACCESS: Displaying 290 security events.
2026-04-05 16:58:36,629 - SENTINEL-CORE - INFO - 📥 INBOUND: Device=thermostat-04 | Data=4.023280293191795KB | Temp=22.5C
2026-04-05 16:58:39,076 - SENTINEL-CORE - INFO - 🖥️ DASHBOARD ACCESS: Displaying 290 security events.
2026-04-05 16:58:39,633 - SENTINEL-CORE - INFO - 📥 INBOUND: Device=security-cam-09 | Data=4.357087916272439KB | Temp=22.5C
2026-04-05 16:58:42,636 - SENTINEL-CORE - INFO - 📥 INBOUND: Device=smart-lock-01 | Data=0.5180827001475097KB | Temp=22.5C
2026-04-05 16:58:42,639 - SENTINEL-CORE - INFO - 📥 INBOUND: Device=thermostat-04 | Data=1.2KB | Temp=999.0C
2026-04-05 16:58:42,639 - SENTINEL-CORE - WARNING - 🚨 ALERT: HIGH Hardware Tamper detected on thermostat-04!
2026-04-05 16:58:44,605 - SENTINEL-CORE - INFO - 🖥️ DASHBOARD ACCESS: Displaying 291 security events.
2026-04-05 16:58:45,647 - SENTINEL-CORE - INFO - 📥 INBOUND: Device=thermostat-04 | Data=0.636726285236138KB | Temp=22.5C
